<?xml version="1.0" encoding="utf-8"?><testsuites name="pytest tests"><testsuite name="pytest" errors="0" failures="0" skipped="0" tests="3" time="43.379" timestamp="2026-08-02T22:16:28.510943+00:00" hostname="agent-env-a2edc3aa-b3bb-4d9b-b756-7a1da3ecf41b"><testcase classname="tests.test_compass3_sprint1_live.TestCompass3Sprint1" name="test_00_health" time="0.150" /><testcase classname="tests.test_compass3_sprint1_live.TestCompass3Sprint1" name="test_01_turn1_fixed_mindset_invitation" time="18.426" /><testcase classname="tests.test_compass3_sprint1_live.TestCompass3Sprint1" name="test_02_turn2_revision_comparison" time="24.267" /></testsuite></testsuites>