<?xml version="1.0" encoding="utf-8"?><testsuites name="pytest tests"><testsuite name="pytest" errors="0" failures="0" skipped="0" tests="3" time="49.272" timestamp="2026-08-03T12:56:28.589524+00:00" hostname="agent-env-a2edc3aa-b3bb-4d9b-b756-7a1da3ecf41b"><testcase classname="tests.test_visible_interpretation_live.TestVisibleInterpretation" name="test_00_health" time="0.163" /><testcase classname="tests.test_visible_interpretation_live.TestVisibleInterpretation" name="test_01_visible_interpretation_spans" time="24.426" /><testcase classname="tests.test_visible_interpretation_live.TestVisibleInterpretation" name="test_02_reconsideration_on_challenge" time="24.364" /></testsuite></testsuites>